<?xml version="1.0" encoding="UTF-8"?>
<!-- Generated by org.testng.reporters.JUnitReportReporter -->
<testsuite hostname="DESKTOP-1118KPU" failures="0" tests="3" name="ankitsharmaacademy.SubmitOrderTest" time="65.189" errors="0" timestamp="2024-07-21T20:29:51 IST" skipped="0">
  <testcase classname="ankitsharmaacademy.SubmitOrderTest" name="submitOrder" time="31.666"/>
  <testcase classname="ankitsharmaacademy.SubmitOrderTest" name="submitOrder" time="28.404"/>
  <testcase classname="ankitsharmaacademy.SubmitOrderTest" name="OrderHistorytest" time="5.119"/>
</testsuite> <!-- ankitsharmaacademy.SubmitOrderTest -->
