<?xml version="1.0" encoding="UTF-8"?>
<!-- Generated by org.testng.reporters.JUnitReportReporter -->
<testsuite hostname="DESKTOP-1118KPU" failures="0" tests="1" name="ankitsharmaacademy.ErrorValidations" time="4.107" errors="0" timestamp="2024-06-23T17:44:58 IST" skipped="0">
  <testcase classname="ankitsharmaacademy.ErrorValidations" name="submitOrder" time="4.107"/>
</testsuite> <!-- ankitsharmaacademy.ErrorValidations -->
